\BOOKMARK [0][-]{chapter*.4}{Introduction}{}% 1
\BOOKMARK [0][-]{chapter.1}{Pr\351sentation des bases de donn\351es f\351d\351r\351es}{}% 2
\BOOKMARK [1][-]{section.1.1}{Id\351e g\351n\351rale}{chapter.1}% 3
\BOOKMARK [1][-]{section.1.2}{Fonctionnement avec une requ\352te simple}{chapter.1}% 4
\BOOKMARK [1][-]{section.1.3}{Les bases de donn\351es f\351d\351r\351es}{chapter.1}% 5
\BOOKMARK [2][-]{subsection.1.3.1}{Couplage de bases de donn\351es}{section.1.3}% 6
\BOOKMARK [2][-]{subsection.1.3.2}{Probl\350mes communs li\351s aux architectures f\351d\351r\351es}{section.1.3}% 7
\BOOKMARK [0][-]{chapter.2}{Pr\351sentation du projet}{}% 8
\BOOKMARK [1][-]{section.2.1}{Pr\351sentation de notre mod\350le}{chapter.2}% 9
\BOOKMARK [2][-]{subsection.2.1.1}{Les diff\351rentes bases}{section.2.1}% 10
\BOOKMARK [2][-]{subsection.2.1.2}{Sch\351ma externe}{section.2.1}% 11
\BOOKMARK [1][-]{section.2.2}{Impl\351mentation de la base de donn\351es f\351d\351r\351e}{chapter.2}% 12
\BOOKMARK [2][-]{subsection.2.2.1}{Architecture et adaptations}{section.2.2}% 13
\BOOKMARK [2][-]{subsection.2.2.2}{Modules et fichiers}{section.2.2}% 14
\BOOKMARK [0][-]{chapter.3}{Am\351liorations envisag\351es}{}% 15
\BOOKMARK [1][-]{section.3.1}{Extension du langage de requ\352te}{chapter.3}% 16
\BOOKMARK [1][-]{section.3.2}{Extension de la f\351d\351ration}{chapter.3}% 17
\BOOKMARK [1][-]{section.3.3}{ Mise en cache des requ\352tes fr\351quentes}{chapter.3}% 18
\BOOKMARK [1][-]{section.3.4}{Parall\351lisation et d\351couplage}{chapter.3}% 19
\BOOKMARK [1][-]{section.3.5}{Jointures crois\351es d\351l\351gu\351es aux sources}{chapter.3}% 20
\BOOKMARK [0][-]{chapter.4}{Apports du projet}{}% 21
\BOOKMARK [1][-]{section.4.1}{Verifier}{chapter.4}% 22
\BOOKMARK [1][-]{section.4.2}{Splitter}{chapter.4}% 23
\BOOKMARK [1][-]{section.4.3}{Merger}{chapter.4}% 24
\BOOKMARK [0][-]{appendix.A}{Extraits du mod\350le de donn\351es}{}% 25
\BOOKMARK [0][-]{appendix.B}{Pok\351mon, kezako ?}{}% 26
\BOOKMARK [0][-]{appendix.C}{Sch\351ma externe}{}% 27
\BOOKMARK [0][-]{lstnumber.-16.188}{Bibliographie}{}% 28
\BOOKMARK [0][-]{appendix*.13}{Conclusion}{}% 29
